<?xml version="1.0" encoding="UTF-8"?>
<testng-results skipped="0" failed="0" ignored="0" total="5" passed="5">
  <reporter-output>
  </reporter-output>
  <suite name="Suite" duration-ms="9147" started-at="2020-06-02T08:01:30 EDT" finished-at="2020-06-02T08:01:39 EDT">
    <groups>
    </groups>
    <test name="Test" duration-ms="9147" started-at="2020-06-02T08:01:30 EDT" finished-at="2020-06-02T08:01:39 EDT">
      <class name="NYTBooksAssignment.GetBooksList">
        <test-method status="PASS" signature="getBooksList()[pri:0, instance:NYTBooksAssignment.GetBooksList@285c08c8]" name="getBooksList" duration-ms="5176" started-at="2020-06-02T08:01:30 EDT" description="Get books list" finished-at="2020-06-02T08:01:35 EDT">
          <reporter-output>
          </reporter-output>
        </test-method> <!-- getBooksList -->
        <test-method status="PASS" signature="noOfResultTest()[pri:0, instance:NYTBooksAssignment.GetBooksList@285c08c8]" name="noOfResultTest" duration-ms="1936" started-at="2020-06-02T08:01:36 EDT" description="Test number of results" finished-at="2020-06-02T08:01:37 EDT">
          <reporter-output>
          </reporter-output>
        </test-method> <!-- noOfResultTest -->
        <test-method status="PASS" signature="processBooksList()[pri:0, instance:NYTBooksAssignment.GetBooksList@285c08c8]" name="processBooksList" duration-ms="50" started-at="2020-06-02T08:01:37 EDT" description="Process list of books and null check" finished-at="2020-06-02T08:01:38 EDT">
          <reporter-output>
          </reporter-output>
        </test-method> <!-- processBooksList -->
      </class> <!-- NYTBooksAssignment.GetBooksList -->
      <class name="NYTBooksAssignment.GetData">
        <test-method status="PASS" signature="testBody()[pri:0, instance:NYTBooksAssignment.GetData@295eaa7c]" name="testBody" duration-ms="879" started-at="2020-06-02T08:01:38 EDT" finished-at="2020-06-02T08:01:38 EDT">
          <reporter-output>
          </reporter-output>
        </test-method> <!-- testBody -->
        <test-method status="PASS" signature="testResponseCode()[pri:0, instance:NYTBooksAssignment.GetData@295eaa7c]" name="testResponseCode" duration-ms="612" started-at="2020-06-02T08:01:38 EDT" finished-at="2020-06-02T08:01:39 EDT">
          <reporter-output>
          </reporter-output>
        </test-method> <!-- testResponseCode -->
      </class> <!-- NYTBooksAssignment.GetData -->
    </test> <!-- Test -->
  </suite> <!-- Suite -->
</testng-results>
