<?xml version="1.0" encoding="UTF-8"?>
<testsuite xmlns:xsi="http://www.w3.org/2001/XMLSchema-instance" xsi:noNamespaceSchemaLocation="https://maven.apache.org/surefire/maven-surefire-plugin/xsd/surefire-test-report.xsd" name="TestSuite" time="11.156" tests="5" errors="0" skipped="0" failures="0">
  <properties>
[...]
</properties>
  <testcase name="getBooksList" classname="NYTBooksAssignment.GetBooksList" time="5.353"/>
  <testcase name="noOfResultTest" classname="NYTBooksAssignment.GetBooksList" time="1.95"/>
  <testcase name="processBooksList" classname="NYTBooksAssignment.GetBooksList" time="0.049"/>
  <testcase name="testBody" classname="NYTBooksAssignment.GetData" time="0.892"/>
  <testcase name="testResponseCode" classname="NYTBooksAssignment.GetData" time="0.614"/>
</testsuite>