<?xml version="1.0" encoding="UTF-8"?>
<!-- Generated by org.testng.reporters.JUnitXMLReporter -->
<testsuite hostname="DESKTOP-GCGGJE6" ignored="0" name="Default test" tests="3" failures="0" timestamp="2020-06-02T07:54:52 EDT" time="7.319" errors="0">
  <testcase name="getBooksList" time="5.205" classname="NYTBooksAssignment.GetBooksList"/>
  <testcase name="noOfResultTest" time="1.706" classname="NYTBooksAssignment.GetBooksList"/>
  <testcase name="processBooksList" time="0.029" classname="NYTBooksAssignment.GetBooksList"/>
</testsuite> <!-- Default test -->
