<?xml version="1.0" encoding="UTF-8"?>
<!-- Generated by org.testng.reporters.JUnitXMLReporter -->
<testsuite hostname="DESKTOP-GCGGJE6" ignored="0" name="Default test" tests="3" failures="0" timestamp="2020-06-01T19:55:12 EDT" time="4.629" errors="0">
  <testcase name="getBooksList" time="3.36" classname="NYTBooksAssignment.GetBooksList"/>
  <testcase name="noOfResultTest" time="1.14" classname="NYTBooksAssignment.GetBooksList"/>
  <testcase name="processBooksList" time="0.025" classname="NYTBooksAssignment.GetBooksList"/>
</testsuite> <!-- Default test -->
