<?xml version="1.0" encoding="UTF-8"?>
<!-- Generated by org.testng.reporters.JUnitXMLReporter -->
<testsuite hostname="DESKTOP-GCGGJE6" ignored="0" name="Test" tests="5" failures="0" timestamp="2020-06-02T08:01:39 EDT" time="9.147" errors="0">
  <testcase name="getBooksList" time="5.176" classname="NYTBooksAssignment.GetBooksList"/>
  <testcase name="noOfResultTest" time="1.936" classname="NYTBooksAssignment.GetBooksList"/>
  <testcase name="processBooksList" time="0.05" classname="NYTBooksAssignment.GetBooksList"/>
  <testcase name="testBody" time="0.879" classname="NYTBooksAssignment.GetData"/>
  <testcase name="testResponseCode" time="0.612" classname="NYTBooksAssignment.GetData"/>
</testsuite> <!-- Test -->
