<?xml version="1.0" encoding="UTF-8"?>
<testng-results skipped="0" failed="0" ignored="0" total="3" passed="3">
  <reporter-output>
  </reporter-output>
  <suite name="Default suite" duration-ms="4629" started-at="2020-06-01T19:55:08 EDT" finished-at="2020-06-01T19:55:12 EDT">
    <groups>
    </groups>
    <test name="Default test" duration-ms="4629" started-at="2020-06-01T19:55:08 EDT" finished-at="2020-06-01T19:55:12 EDT">
      <class name="NYTBooksAssignment.GetBooksList">
        <test-method status="PASS" signature="getBooksList()[pri:0, instance:NYTBooksAssignment.GetBooksList@1290ed28]" name="getBooksList" duration-ms="3360" started-at="2020-06-01T19:55:08 EDT" finished-at="2020-06-01T19:55:11 EDT">
          <reporter-output>
          </reporter-output>
        </test-method> <!-- getBooksList -->
        <test-method status="PASS" signature="noOfResultTest()[pri:0, instance:NYTBooksAssignment.GetBooksList@1290ed28]" name="noOfResultTest" duration-ms="1140" started-at="2020-06-01T19:55:11 EDT" finished-at="2020-06-01T19:55:12 EDT">
          <reporter-output>
          </reporter-output>
        </test-method> <!-- noOfResultTest -->
        <test-method status="PASS" signature="processBooksList()[pri:0, instance:NYTBooksAssignment.GetBooksList@1290ed28]" name="processBooksList" duration-ms="25" started-at="2020-06-01T19:55:12 EDT" finished-at="2020-06-01T19:55:12 EDT">
          <reporter-output>
          </reporter-output>
        </test-method> <!-- processBooksList -->
      </class> <!-- NYTBooksAssignment.GetBooksList -->
    </test> <!-- Default test -->
  </suite> <!-- Default suite -->
</testng-results>
